<?xml version="1.0" encoding="UTF-8"?>
<testng-results ignored="0" total="2" passed="2" failed="0" skipped="0">
  <reporter-output>
  </reporter-output>
  <suite started-at="2021-06-23T22:26:36 IST" name="Suite" finished-at="2021-06-23T22:28:07 IST" duration-ms="90714">
    <groups>
    </groups>
    <test started-at="2021-06-23T22:26:36 IST" name="Test" finished-at="2021-06-23T22:28:07 IST" duration-ms="90714">
      <class name="test.TestActitimeEnterTimeTrack">
        <test-method signature="EnterTimeTrack()[pri:0, instance:test.TestActitimeEnterTimeTrack@4d910fd6]" started-at="2021-06-23T22:26:36 IST" name="EnterTimeTrack" finished-at="2021-06-23T22:27:53 IST" duration-ms="76540" status="PASS">
          <reporter-output>
          </reporter-output>
        </test-method> <!-- EnterTimeTrack -->
      </class> <!-- test.TestActitimeEnterTimeTrack -->
      <class name="test.TestActitime">
        <test-method signature="login()[pri:0, instance:test.TestActitime@67080771]" started-at="2021-06-23T22:27:53 IST" name="login" finished-at="2021-06-23T22:28:07 IST" duration-ms="14122" status="PASS">
          <reporter-output>
          </reporter-output>
        </test-method> <!-- login -->
      </class> <!-- test.TestActitime -->
    </test> <!-- Test -->
  </suite> <!-- Suite -->
</testng-results>
